<?xml version="1.0" encoding="UTF-8"?>
<coverage generated="1678660218364" clover="3.2.0">
  <project timestamp="1678660218364" name="All files">
    <metrics statements="17" coveredstatements="17" conditionals="2" coveredconditionals="2" methods="8" coveredmethods="8" elements="27" coveredelements="27" complexity="0" loc="17" ncloc="17" packages="1" files="3" classes="3"/>
    <file name="date.ts" path="/home/kalwabed/Workspaces/personal/pena.kalwabed.xyz/src/lib/utils/date.ts">
      <metrics statements="3" coveredstatements="3" conditionals="2" coveredconditionals="2" methods="1" coveredmethods="1"/>
      <line num="1" count="1" type="stmt"/>
      <line num="2" count="2" type="cond" truecount="2" falsecount="0"/>
      <line num="4" count="1" type="stmt"/>
    </file>
    <file name="fetch-data.ts" path="/home/kalwabed/Workspaces/personal/pena.kalwabed.xyz/src/lib/utils/fetch-data.ts">
      <metrics statements="10" coveredstatements="10" conditionals="0" coveredconditionals="0" methods="5" coveredmethods="5"/>
      <line num="13" count="1" type="stmt"/>
      <line num="18" count="44" type="stmt"/>
      <line num="22" count="2" type="stmt"/>
      <line num="23" count="22" type="stmt"/>
      <line num="25" count="22" type="stmt"/>
      <line num="26" count="22" type="stmt"/>
      <line num="28" count="22" type="stmt"/>
      <line num="36" count="1" type="stmt"/>
      <line num="37" count="1" type="stmt"/>
      <line num="39" count="24" type="stmt"/>
    </file>
    <file name="slug.ts" path="/home/kalwabed/Workspaces/personal/pena.kalwabed.xyz/src/lib/utils/slug.ts">
      <metrics statements="4" coveredstatements="4" conditionals="0" coveredconditionals="0" methods="2" coveredmethods="2"/>
      <line num="1" count="1" type="stmt"/>
      <line num="2" count="1" type="stmt"/>
      <line num="5" count="1" type="stmt"/>
      <line num="6" count="1" type="stmt"/>
    </file>
  </project>
</coverage>
