{"/home/kalwabed/Workspaces/personal/pena.kalwabed.xyz/src/lib/utils/date.ts": {"path":"/home/kalwabed/Workspaces/personal/pena.kalwabed.xyz/src/lib/utils/date.ts","statementMap":{"0":{"start":{"line":1,"column":29},"end":{"line":5,"column":null}},"1":{"start":{"line":2,"column":2},"end":{"line":2,"column":null}},"2":{"start":{"line":2,"column":13},"end":{"line":2,"column":null}},"3":{"start":{"line":4,"column":2},"end":{"line":4,"column":null}}},"fnMap":{"0":{"name":"(anonymous_0)","decl":{"start":{"line":1,"column":29},"end":{"line":1,"column":30}},"loc":{"start":{"line":1,"column":100},"end":{"line":5,"column":null}}}},"branchMap":{"0":{"loc":{"start":{"line":2,"column":2},"end":{"line":2,"column":null}},"type":"if","locations":[{"start":{"line":2,"column":2},"end":{"line":2,"column":null}},{"start":{"line":2,"column":2},"end":{"line":2,"column":null}}]}},"s":{"0":1,"1":2,"2":1,"3":1},"f":{"0":2},"b":{"0":[1,1]}}
,"/home/kalwabed/Workspaces/personal/pena.kalwabed.xyz/src/lib/utils/fetch-data.ts": {"path":"/home/kalwabed/Workspaces/personal/pena.kalwabed.xyz/src/lib/utils/fetch-data.ts","statementMap":{"0":{"start":{"line":13,"column":21},"end":{"line":15,"column":null}},"1":{"start":{"line":18,"column":2},"end":{"line":18,"column":null}},"2":{"start":{"line":22,"column":2},"end":{"line":32,"column":null}},"3":{"start":{"line":23,"column":25},"end":{"line":23,"column":null}},"4":{"start":{"line":25,"column":21},"end":{"line":25,"column":null}},"5":{"start":{"line":26,"column":17},"end":{"line":26,"column":null}},"6":{"start":{"line":28,"column":4},"end":{"line":31,"column":null}},"7":{"start":{"line":36,"column":23},"end":{"line":36,"column":null}},"8":{"start":{"line":37,"column":17},"end":{"line":37,"column":null}},"9":{"start":{"line":39,"column":2},"end":{"line":39,"column":null}},"10":{"start":{"line":39,"column":31},"end":{"line":39,"column":100}}},"fnMap":{"0":{"name":"slugTransformer","decl":{"start":{"line":17,"column":16},"end":{"line":17,"column":32}},"loc":{"start":{"line":17,"column":60},"end":{"line":19,"column":null}}},"1":{"name":"generateFileMetadata","decl":{"start":{"line":21,"column":16},"end":{"line":21,"column":37}},"loc":{"start":{"line":21,"column":108},"end":{"line":33,"column":null}}},"2":{"name":"(anonymous_2)","decl":{"start":{"line":22,"column":32},"end":{"line":22,"column":39}},"loc":{"start":{"line":22,"column":69},"end":{"line":32,"column":3}}},"3":{"name":"getResourcesAsync","decl":{"start":{"line":35,"column":22},"end":{"line":35,"column":59}},"loc":{"start":{"line":35,"column":59},"end":{"line":40,"column":null}}},"4":{"name":"(anonymous_4)","decl":{"start":{"line":39,"column":21},"end":{"line":39,"column":22}},"loc":{"start":{"line":39,"column":31},"end":{"line":39,"column":100}}}},"branchMap":{},"s":{"0":1,"1":48,"2":2,"3":24,"4":24,"5":24,"6":24,"7":1,"8":1,"9":1,"10":29},"f":{"0":48,"1":2,"2":24,"3":1,"4":29},"b":{}}
,"/home/kalwabed/Workspaces/personal/pena.kalwabed.xyz/src/lib/utils/slug.ts": {"path":"/home/kalwabed/Workspaces/personal/pena.kalwabed.xyz/src/lib/utils/slug.ts","statementMap":{"0":{"start":{"line":1,"column":23},"end":{"line":3,"column":null}},"1":{"start":{"line":2,"column":2},"end":{"line":2,"column":null}},"2":{"start":{"line":5,"column":25},"end":{"line":7,"column":null}},"3":{"start":{"line":6,"column":2},"end":{"line":6,"column":null}}},"fnMap":{"0":{"name":"(anonymous_0)","decl":{"start":{"line":1,"column":23},"end":{"line":1,"column":24}},"loc":{"start":{"line":1,"column":48},"end":{"line":3,"column":null}}},"1":{"name":"(anonymous_1)","decl":{"start":{"line":5,"column":25},"end":{"line":5,"column":26}},"loc":{"start":{"line":5,"column":50},"end":{"line":7,"column":null}}}},"branchMap":{},"s":{"0":1,"1":1,"2":1,"3":1},"f":{"0":1,"1":1},"b":{}}
}
